[0;34m[INFO][0m Creating branch: fix/nextjs-cve-20251216
Switched to a new branch 'fix/nextjs-cve-20251216'
[0;32m✅ [SUCCESS][0m Created branch: fix/nextjs-cve-20251216
[0;34m[INFO][0m Running npx fix-react2shell-next --fix...

[1mfix-react2shell-next[0m[2m - Next.js vulnerability scanner
[0m
[2mChecking for 4 known vulnerabilities:
[0m
[2m  - [0m[31mCVE-2025-66478[0m[2m (critical): Remote code execution via crafted RSC payload[0m
[2m  - [0m[33mCVE-2025-55184[0m[2m (high): DoS via malicious HTTP request causing server to hang and consume CPU[0m
[2m  - [0m[36mCVE-2025-55183[0m[2m (medium): Compiled Server Action source code can be exposed via malicious request[0m
[2m  - [0m[33mCVE-2025-67779[0m[2m (high): Incomplete fix for CVE-2025-55184 DoS via malicious RSC payload causing infinite loop[0m

[2mFound 1 package.json file(s)
[0m
[31mFound 1 vulnerable file(s):
[0m
[33m  package.json[0m
[2m     next: [0m[31m^15.0.3[0m[2m -> [0m[32m15.0.7[0m[35m [CVE-2025-66478, CVE-2025-55184, CVE-2025-55183, CVE-2025-67779][0m

[36m
Applying fixes...
[0m
[32m   Updated package.json[0m
[36m
Installing dependencies...
[0m
[2m. (npm)[0m
[2m
$ npm install
[0m
npm warn deprecated react-beautiful-dnd@13.1.1: react-beautiful-dnd is now deprecated. Context and options: https://github.com/atlassian/react-beautiful-dnd/issues/2672

added 709 packages, and audited 710 packages in 24s

187 packages are looking for funding
  run `npm fund` for details

17 vulnerabilities (1 low, 4 moderate, 5 high, 7 critical)

To address issues that do not require attention, run:
  npm audit fix

To address all issues, run:
  npm audit fix --force

Run `npm audit` for details.
[32m
Patches applied![0m
[2m   Remember to test your app and commit the changes.
[0m
[0;32m✅ [SUCCESS][0m Fix command completed - vulnerabilities found and fixed
[0;34m[INFO][0m Updating lockfiles for modified packages...
[0;34m[INFO][0m   Found modified package.json in: .
[0;34m[INFO][0m Processing directory: .
[0;34m[INFO][0m   Detected package-lock.json in ., running npm install...

up to date, audited 710 packages in 975ms

187 packages are looking for funding
  run `npm fund` for details

17 vulnerabilities (1 low, 4 moderate, 5 high, 7 critical)

To address issues that do not require attention, run:
  npm audit fix

To address all issues, run:
  npm audit fix --force

Run `npm audit` for details.
[0;32m✅ [SUCCESS][0m Lockfiles updated
[0;34m[INFO][0m Changes detected, proceeding with commit...
